[debug] [2019-09-24T13:06:13.320Z] ----------------------------------------------------------------------
[debug] [2019-09-24T13:06:13.322Z] Command:       C:\Program Files\nodejs\node.exe C:\Users\itayk\AppData\Roaming\npm\node_modules\firebase-tools\lib\bin\firebase.js deploy
[debug] [2019-09-24T13:06:13.322Z] CLI Version:   7.3.2
[debug] [2019-09-24T13:06:13.322Z] Platform:      win32
[debug] [2019-09-24T13:06:13.322Z] Node Version:  v10.16.0
[debug] [2019-09-24T13:06:13.323Z] Time:          Tue Sep 24 2019 16:06:13 GMT+0300 (Israel Daylight Time)
[debug] [2019-09-24T13:06:13.323Z] ----------------------------------------------------------------------
[debug] 
[debug] [2019-09-24T13:06:13.328Z] > command requires scopes: ["email","openid","https://www.googleapis.com/auth/cloudplatformprojects.readonly","https://www.googleapis.com/auth/firebase","https://www.googleapis.com/auth/cloud-platform"]
[debug] [2019-09-24T13:06:13.329Z] > authorizing via signed-in user
[debug] [2019-09-24T13:06:13.329Z] [iam] checking project test-herolo for permissions ["firebase.projects.get","firebasehosting.sites.update"]
[debug] [2019-09-24T13:06:13.330Z] >>> HTTP REQUEST POST https://cloudresourcemanager.googleapis.com/v1/projects/test-herolo:testIamPermissions  

[debug] [2019-09-24T13:06:14.311Z] <<< HTTP RESPONSE 200
[debug] [2019-09-24T13:06:14.312Z] >>> HTTP REQUEST GET https://firebase.googleapis.com/v1beta1/projects/test-herolo  
 
[debug] [2019-09-24T13:06:14.928Z] <<< HTTP RESPONSE 200
[info] 
[info] === Deploying to 'test-herolo'...
[info] 
[info] i  deploying hosting
[debug] [2019-09-24T13:06:14.938Z] >>> HTTP REQUEST POST https://firebasehosting.googleapis.com/v1beta1/sites/test-herolo/versions  

[debug] [2019-09-24T13:06:39.188Z] ----------------------------------------------------------------------
[debug] [2019-09-24T13:06:39.190Z] Command:       C:\Program Files\nodejs\node.exe C:\Users\itayk\AppData\Roaming\npm\node_modules\firebase-tools\lib\bin\firebase.js deploy
[debug] [2019-09-24T13:06:39.190Z] CLI Version:   7.3.2
[debug] [2019-09-24T13:06:39.190Z] Platform:      win32
[debug] [2019-09-24T13:06:39.190Z] Node Version:  v10.16.0
[debug] [2019-09-24T13:06:39.191Z] Time:          Tue Sep 24 2019 16:06:39 GMT+0300 (Israel Daylight Time)
[debug] [2019-09-24T13:06:39.191Z] ----------------------------------------------------------------------
[debug] 
[debug] [2019-09-24T13:06:39.196Z] > command requires scopes: ["email","openid","https://www.googleapis.com/auth/cloudplatformprojects.readonly","https://www.googleapis.com/auth/firebase","https://www.googleapis.com/auth/cloud-platform"]
[debug] [2019-09-24T13:06:39.197Z] > authorizing via signed-in user
[debug] [2019-09-24T13:06:39.197Z] [iam] checking project test-herolo for permissions ["firebase.projects.get","firebasehosting.sites.update"]
[debug] [2019-09-24T13:06:39.198Z] >>> HTTP REQUEST POST https://cloudresourcemanager.googleapis.com/v1/projects/test-herolo:testIamPermissions  

[debug] [2019-09-24T13:06:40.178Z] <<< HTTP RESPONSE 200
[debug] [2019-09-24T13:06:40.179Z] >>> HTTP REQUEST GET https://firebase.googleapis.com/v1beta1/projects/test-herolo  
 
[debug] [2019-09-24T13:06:40.588Z] <<< HTTP RESPONSE 200
[info] 
[info] === Deploying to 'test-herolo'...
[info] 
[info] i  deploying hosting
[debug] [2019-09-24T13:06:40.597Z] >>> HTTP REQUEST POST https://firebasehosting.googleapis.com/v1beta1/sites/test-herolo/versions  

[debug] [2019-09-24T13:06:42.143Z] <<< HTTP RESPONSE 200
[info] i  hosting[test-herolo]: beginning deploy...
[info] i  hosting[test-herolo]: found 3 files in dist
[debug] [2019-09-24T13:06:42.156Z] [hosting] hash cache [ZGlzdA] not populated
[debug] [2019-09-24T13:06:42.182Z] [hosting] hash cache [ZGlzdA] stored for 3 files
[debug] [2019-09-24T13:06:42.182Z] [hosting][hash queue][FINAL]
[debug] [2019-09-24T13:06:42.182Z] >>> HTTP REQUEST POST https://firebasehosting.googleapis.com/v1beta1/sites/test-herolo/versions/419103b65b9e1e72:populateFiles  
 <request body omitted>
[debug] [2019-09-24T13:06:43.307Z] <<< HTTP RESPONSE 200
[debug] [2019-09-24T13:06:43.316Z] [hosting][populate queue][FINAL]
[debug] [2019-09-24T13:06:43.316Z] [hosting] uploads queued: 3
